<?xml version="1.0" encoding="UTF-8"?>
<!-- Generated by org.testng.reporters.JUnitXMLReporter -->
<testsuite hostname="DESKTOP-KFC89GU" ignored="0" name="Test" tests="1" failures="0" timestamp="2021-05-08T15:37:55 EDT" time="2.288" errors="0">
  <testcase name="@BeforeClass setup" time="2.192" classname="End2End.CrosBrowser.e2eTest">
    <failure type="org.openqa.selenium.WebDriverException" message="Unable to parse remote response: No browserName or device specified in session request. Please check our platforms documentation (https://saucelabs.com/docs/platforms): {&amp;apos;browesrName&amp;apos;: &amp;apos;Chrome&amp;apos;, &amp;apos;platfrom&amp;apos;: &amp;apos;Windows 10&amp;apos;, &amp;apos;version&amp;apos;: &amp;apos;90&amp;apos;}">
      <![CDATA[org.openqa.selenium.WebDriverException: Unable to parse remote response: No browserName or device specified in session request. Please check our platforms documentation (https://saucelabs.com/docs/platforms): {'browesrName': 'Chrome', 'platfrom': 'Windows 10', 'version': '90'}
at org.openqa.selenium.remote.ProtocolHandshake.createSession(ProtocolHandshake.java:115)
at org.openqa.selenium.remote.ProtocolHandshake.createSession(ProtocolHandshake.java:74)
at org.openqa.selenium.remote.HttpCommandExecutor.execute(HttpCommandExecutor.java:136)
at org.openqa.selenium.remote.RemoteWebDriver.execute(RemoteWebDriver.java:552)
at org.openqa.selenium.remote.RemoteWebDriver.startSession(RemoteWebDriver.java:213)
at org.openqa.selenium.remote.RemoteWebDriver.<init>(RemoteWebDriver.java:131)
at org.openqa.selenium.remote.RemoteWebDriver.<init>(RemoteWebDriver.java:144)
at End2End.CrosBrowser.e2eTest.setup(e2eTest.java:29)
at java.util.ArrayList.forEach(ArrayList.java:1257)
Caused by: org.openqa.selenium.json.JsonException: Unable to determine type from: N. Last 1 characters read: N
Build info: version: '3.141.59', revision: 'e82be7d358', time: '2018-11-14T08:17:03'
System info: host: 'DESKTOP-KFC89GU', ip: '192.168.86.44', os.name: 'Windows 10', os.arch: 'amd64', os.version: '10.0', java.version: '1.8.0_241'
Driver info: driver.version: RemoteWebDriver
at org.openqa.selenium.json.JsonInput.peek(JsonInput.java:122)
at org.openqa.selenium.json.JsonTypeCoercer.lambda$null$6(JsonTypeCoercer.java:140)
at org.openqa.selenium.json.JsonTypeCoercer.coerce(JsonTypeCoercer.java:126)
at org.openqa.selenium.json.Json.toType(Json.java:69)
at org.openqa.selenium.json.Json.toType(Json.java:55)
at org.openqa.selenium.json.Json.toType(Json.java:50)
at org.openqa.selenium.remote.ProtocolHandshake.createSession(ProtocolHandshake.java:112)
... 33 more
... Removed 25 stack frames]]>
    </failure>
  </testcase> <!-- @BeforeClass setup -->
  <testcase name="LoginFacebook" time="0.0" classname="End2End.CrosBrowser.e2eTest">
    <skipped/>
  </testcase> <!-- LoginFacebook -->
</testsuite> <!-- Test -->
